Determining if the pthread_create exist failed with the following output:
Change Dir: /home/zhjd/catkin_ws/src/navigation-kinetic-devel/global_planner/cmake-build-debug/CMakeFiles/CMakeTmp

Run Build Command:"/usr/bin/make" "cmTC_321af/fast"
/usr/bin/make -f CMakeFiles/cmTC_321af.dir/build.make CMakeFiles/cmTC_321af.dir/build
make[1]: Entering directory '/home/zhjd/catkin_ws/src/navigation-kinetic-devel/global_planner/cmake-build-debug/CMakeFiles/CMakeTmp'
Building C object CMakeFiles/cmTC_321af.dir/CheckSymbolExists.c.o
/usr/bin/cc     -o CMakeFiles/cmTC_321af.dir/CheckSymbolExists.c.o   -c /home/zhjd/catkin_ws/src/navigation-kinetic-devel/global_planner/cmake-build-debug/CMakeFiles/CMakeTmp/CheckSymbolExists.c
Linking C executable cmTC_321af
/usr/bin/cmake -E cmake_link_script CMakeFiles/cmTC_321af.dir/link.txt --verbose=1
/usr/bin/cc       CMakeFiles/cmTC_321af.dir/CheckSymbolExists.c.o  -o cmTC_321af -rdynamic 
CMakeFiles/cmTC_321af.dir/CheckSymbolExists.c.o：在函数‘main’中：
CheckSymbolExists.c:(.text+0x16)：对‘pthread_create’未定义的引用
collect2: error: ld returned 1 exit status
CMakeFiles/cmTC_321af.dir/build.make:97: recipe for target 'cmTC_321af' failed
make[1]: *** [cmTC_321af] Error 1
make[1]: Leaving directory '/home/zhjd/catkin_ws/src/navigation-kinetic-devel/global_planner/cmake-build-debug/CMakeFiles/CMakeTmp'
Makefile:126: recipe for target 'cmTC_321af/fast' failed
make: *** [cmTC_321af/fast] Error 2

File /home/zhjd/catkin_ws/src/navigation-kinetic-devel/global_planner/cmake-build-debug/CMakeFiles/CMakeTmp/CheckSymbolExists.c:
/* */
#include <pthread.h>

int main(int argc, char** argv)
{
  (void)argv;
#ifndef pthread_create
  return ((int*)(&pthread_create))[argc];
#else
  (void)argc;
  return 0;
#endif
}

Determining if the function pthread_create exists in the pthreads failed with the following output:
Change Dir: /home/zhjd/catkin_ws/src/navigation-kinetic-devel/global_planner/cmake-build-debug/CMakeFiles/CMakeTmp

Run Build Command:"/usr/bin/make" "cmTC_87697/fast"
/usr/bin/make -f CMakeFiles/cmTC_87697.dir/build.make CMakeFiles/cmTC_87697.dir/build
make[1]: Entering directory '/home/zhjd/catkin_ws/src/navigation-kinetic-devel/global_planner/cmake-build-debug/CMakeFiles/CMakeTmp'
Building C object CMakeFiles/cmTC_87697.dir/CheckFunctionExists.c.o
/usr/bin/cc    -DCHECK_FUNCTION_EXISTS=pthread_create   -o CMakeFiles/cmTC_87697.dir/CheckFunctionExists.c.o   -c /usr/share/cmake-3.5/Modules/CheckFunctionExists.c
Linking C executable cmTC_87697
/usr/bin/cmake -E cmake_link_script CMakeFiles/cmTC_87697.dir/link.txt --verbose=1
/usr/bin/cc   -DCHECK_FUNCTION_EXISTS=pthread_create    CMakeFiles/cmTC_87697.dir/CheckFunctionExists.c.o  -o cmTC_87697 -rdynamic -lpthreads 
/usr/bin/ld: 找不到 -lpthreads
collect2: error: ld returned 1 exit status
CMakeFiles/cmTC_87697.dir/build.make:97: recipe for target 'cmTC_87697' failed
make[1]: *** [cmTC_87697] Error 1
make[1]: Leaving directory '/home/zhjd/catkin_ws/src/navigation-kinetic-devel/global_planner/cmake-build-debug/CMakeFiles/CMakeTmp'
Makefile:126: recipe for target 'cmTC_87697/fast' failed
make: *** [cmTC_87697/fast] Error 2


